[debug] [2020-11-11T14:35:30.452Z] ----------------------------------------------------------------------
[debug] [2020-11-11T14:35:30.454Z] Command:       C:\Program Files\nodejs\node.exe C:\Users\krish\AppData\Roaming\npm\node_modules\firebase-tools\lib\bin\firebase.js emulators:start
[debug] [2020-11-11T14:35:30.455Z] CLI Version:   8.15.1
[debug] [2020-11-11T14:35:30.455Z] Platform:      win32
[debug] [2020-11-11T14:35:30.455Z] Node Version:  v12.18.3
[debug] [2020-11-11T14:35:30.456Z] Time:          Wed Nov 11 2020 20:05:30 GMT+0530 (India Standard Time)
[debug] [2020-11-11T14:35:30.456Z] ----------------------------------------------------------------------
[debug] [2020-11-11T14:35:30.456Z] 
[debug] [2020-11-11T14:35:30.465Z] > command requires scopes: ["email","openid","https://www.googleapis.com/auth/cloudplatformprojects.readonly","https://www.googleapis.com/auth/firebase","https://www.googleapis.com/auth/cloud-platform"]
[debug] [2020-11-11T14:35:30.466Z] > authorizing via signed-in user
[info] i  emulators: Starting emulators: functions {"metadata":{"emulator":{"name":"hub"},"message":"Starting emulators: functions"}}
[warn] !  emulators: It seems that you are running multiple instances of the emulator suite for project clone-1b968. This may result in unexpected behavior. 
[debug] [2020-11-11T14:35:31.509Z] [hub] writing locator at C:\Users\krish\AppData\Local\Temp\hub-clone-1b968.json
[warn] !  functions: The following emulators are not running, calls to these services from the Functions emulator will affect production: auth, firestore, database, hosting, pubsub {"metadata":{"emulator":{"name":"functions"},"message":"The following emulators are not running, calls to these services from the Functions emulator will affect production: \u001b[1mauth, firestore, database, hosting, pubsub\u001b[22m"}}
[info] +  functions: Using node@12 from host. {"metadata":{"emulator":{"name":"functions"},"message":"Using node@12 from host."}}
[debug] [2020-11-11T14:35:32.551Z] defaultcredentials: writing to file C:\Users\krish\AppData\Roaming\firebase\testfirebase75_gmail_com_application_default_credentials.json
[debug] [2020-11-11T14:35:32.554Z] Setting GAC to C:\Users\krish\AppData\Roaming\firebase\testfirebase75_gmail_com_application_default_credentials.json {"metadata":{"emulator":{"name":"functions"},"message":"Setting GAC to C:\\Users\\krish\\AppData\\Roaming\\firebase\\testfirebase75_gmail_com_application_default_credentials.json"}}
[debug] [2020-11-11T14:35:34.575Z] Ignoring unsupported arg: auto_download {"metadata":{"emulator":{"name":"ui"},"message":"Ignoring unsupported arg: auto_download"}}
[debug] [2020-11-11T14:35:34.576Z] Ignoring unsupported arg: port {"metadata":{"emulator":{"name":"ui"},"message":"Ignoring unsupported arg: port"}}
[debug] [2020-11-11T14:35:34.576Z] Starting Emulator UI with command {"binary":"node","args":["C:\\Users\\krish\\.cache\\firebase\\emulators\\ui-v1.2.2\\server.bundle.js"],"optionalArgs":[],"joinArgs":false} {"metadata":{"emulator":{"name":"ui"},"message":"Starting Emulator UI with command {\"binary\":\"node\",\"args\":[\"C:\\\\Users\\\\krish\\\\.cache\\\\firebase\\\\emulators\\\\ui-v1.2.2\\\\server.bundle.js\"],\"optionalArgs\":[],\"joinArgs\":false}"}}
[info] i  ui: Emulator UI logging to ui-debug.log {"metadata":{"emulator":{"name":"ui"},"message":"Emulator UI logging to \u001b[1mui-debug.log\u001b[22m"}}
[debug] [2020-11-11T14:35:34.735Z] Web / API server started at http://localhost:4000
 {"metadata":{"emulator":{"name":"ui"},"message":"Web / API server started at http://localhost:4000\n"}}
[info] i  functions: Watching "D:\reactproject\amzone-clone\functions" for Cloud Functions... {"metadata":{"emulator":{"name":"functions"},"message":"Watching \"D:\\reactproject\\amzone-clone\\functions\" for Cloud Functions..."}}
[debug] [2020-11-11T14:35:35.119Z] [worker-pool] addWorker(~diagnostic~) {"metadata":{"emulator":{"name":"functions"},"message":"[worker-pool] addWorker(~diagnostic~)"}}
[debug] [2020-11-11T14:35:35.119Z] [worker-pool] Adding worker with key ~diagnostic~, total=1 {"metadata":{"emulator":{"name":"functions"},"message":"[worker-pool] Adding worker with key ~diagnostic~, total=1"}}
[debug] [2020-11-11T14:35:35.119Z] [worker-pool] submitWork(triggerId=) {"metadata":{"emulator":{"name":"functions"},"message":"[worker-pool] submitWork(triggerId=)"}}
[debug] [2020-11-11T14:35:35.120Z] [worker-~diagnostic~-9ec32b02-883b-45e7-9440-6305f69e4422]: Assigning socketPath: \\?\pipe\D:\reactproject\amzone-clone\functions\10748 {"metadata":{"emulator":{"name":"functions"},"message":"[worker-~diagnostic~-9ec32b02-883b-45e7-9440-6305f69e4422]: Assigning socketPath: \\\\?\\pipe\\D:\\reactproject\\amzone-clone\\functions\\10748"}}
[debug] [2020-11-11T14:35:35.121Z] [worker-~diagnostic~-9ec32b02-883b-45e7-9440-6305f69e4422]: BUSY {"metadata":{"emulator":{"name":"functions"},"message":"[worker-~diagnostic~-9ec32b02-883b-45e7-9440-6305f69e4422]: BUSY"}}
[debug] [2020-11-11T14:35:35.619Z] [runtime-status] [10748] Functions runtime initialized. {"cwd":"D:\\reactproject\\amzone-clone\\functions","node_version":"12.18.3"} {"metadata":{"emulator":{"name":"functions"},"message":"[runtime-status] [10748] Functions runtime initialized. {\"cwd\":\"D:\\\\reactproject\\\\amzone-clone\\\\functions\",\"node_version\":\"12.18.3\"}"}}
[debug] [2020-11-11T14:35:35.625Z] [runtime-status] [10748] Disabled runtime features: undefined {"metadata":{"emulator":{"name":"functions"},"message":"[runtime-status] [10748] Disabled runtime features: undefined"}}
[debug] [2020-11-11T14:35:35.631Z] [runtime-status] [10748] Resolved module firebase-admin {"declared":true,"installed":true,"version":"9.3.0","resolution":"D:\\reactproject\\amzone-clone\\functions\\node_modules\\firebase-admin\\lib\\index.js"} {"metadata":{"emulator":{"name":"functions"},"message":"[runtime-status] [10748] Resolved module firebase-admin {\"declared\":true,\"installed\":true,\"version\":\"9.3.0\",\"resolution\":\"D:\\\\reactproject\\\\amzone-clone\\\\functions\\\\node_modules\\\\firebase-admin\\\\lib\\\\index.js\"}"}}
[debug] [2020-11-11T14:35:35.649Z] [runtime-status] [10748] Resolved module firebase-functions {"declared":true,"installed":true,"version":"3.11.0","resolution":"D:\\reactproject\\amzone-clone\\functions\\node_modules\\firebase-functions\\lib\\index.js"} {"metadata":{"emulator":{"name":"functions"},"message":"[runtime-status] [10748] Resolved module firebase-functions {\"declared\":true,\"installed\":true,\"version\":\"3.11.0\",\"resolution\":\"D:\\\\reactproject\\\\amzone-clone\\\\functions\\\\node_modules\\\\firebase-functions\\\\lib\\\\index.js\"}"}}
[debug] [2020-11-11T14:35:35.651Z] [runtime-status] [10748] Resolved module firebase-functions {"declared":true,"installed":true,"version":"3.11.0","resolution":"D:\\reactproject\\amzone-clone\\functions\\node_modules\\firebase-functions\\lib\\index.js"} {"metadata":{"emulator":{"name":"functions"},"message":"[runtime-status] [10748] Resolved module firebase-functions {\"declared\":true,\"installed\":true,\"version\":\"3.11.0\",\"resolution\":\"D:\\\\reactproject\\\\amzone-clone\\\\functions\\\\node_modules\\\\firebase-functions\\\\lib\\\\index.js\"}"}}
[debug] [2020-11-11T14:35:35.652Z] [runtime-status] [10748] Outgoing network have been stubbed. [{"name":"http","status":"mocked"},{"name":"http","status":"mocked"},{"name":"https","status":"mocked"},{"name":"https","status":"mocked"},{"name":"net","status":"mocked"}] {"metadata":{"emulator":{"name":"functions"},"message":"[runtime-status] [10748] Outgoing network have been stubbed. [{\"name\":\"http\",\"status\":\"mocked\"},{\"name\":\"http\",\"status\":\"mocked\"},{\"name\":\"https\",\"status\":\"mocked\"},{\"name\":\"https\",\"status\":\"mocked\"},{\"name\":\"net\",\"status\":\"mocked\"}]"}}
[debug] [2020-11-11T14:35:35.653Z] [runtime-status] [10748] Resolved module firebase-functions {"declared":true,"installed":true,"version":"3.11.0","resolution":"D:\\reactproject\\amzone-clone\\functions\\node_modules\\firebase-functions\\lib\\index.js"} {"metadata":{"emulator":{"name":"functions"},"message":"[runtime-status] [10748] Resolved module firebase-functions {\"declared\":true,\"installed\":true,\"version\":\"3.11.0\",\"resolution\":\"D:\\\\reactproject\\\\amzone-clone\\\\functions\\\\node_modules\\\\firebase-functions\\\\lib\\\\index.js\"}"}}
[debug] [2020-11-11T14:35:37.173Z] [runtime-status] [10748] Checked functions.config() {"config":{}} {"metadata":{"emulator":{"name":"functions"},"message":"[runtime-status] [10748] Checked functions.config() {\"config\":{}}"}}
[debug] [2020-11-11T14:35:37.174Z] [runtime-status] [10748] firebase-functions has been stubbed. {"functionsResolution":{"declared":true,"installed":true,"version":"3.11.0","resolution":"D:\\reactproject\\amzone-clone\\functions\\node_modules\\firebase-functions\\lib\\index.js"}} {"metadata":{"emulator":{"name":"functions"},"message":"[runtime-status] [10748] firebase-functions has been stubbed. {\"functionsResolution\":{\"declared\":true,\"installed\":true,\"version\":\"3.11.0\",\"resolution\":\"D:\\\\reactproject\\\\amzone-clone\\\\functions\\\\node_modules\\\\firebase-functions\\\\lib\\\\index.js\"}}"}}
[debug] [2020-11-11T14:35:37.175Z] [runtime-status] [10748] Resolved module firebase-functions {"declared":true,"installed":true,"version":"3.11.0","resolution":"D:\\reactproject\\amzone-clone\\functions\\node_modules\\firebase-functions\\lib\\index.js"} {"metadata":{"emulator":{"name":"functions"},"message":"[runtime-status] [10748] Resolved module firebase-functions {\"declared\":true,\"installed\":true,\"version\":\"3.11.0\",\"resolution\":\"D:\\\\reactproject\\\\amzone-clone\\\\functions\\\\node_modules\\\\firebase-functions\\\\lib\\\\index.js\"}"}}
[debug] [2020-11-11T14:35:37.176Z] [runtime-status] [10748] Resolved module firebase-admin {"declared":true,"installed":true,"version":"9.3.0","resolution":"D:\\reactproject\\amzone-clone\\functions\\node_modules\\firebase-admin\\lib\\index.js"} {"metadata":{"emulator":{"name":"functions"},"message":"[runtime-status] [10748] Resolved module firebase-admin {\"declared\":true,\"installed\":true,\"version\":\"9.3.0\",\"resolution\":\"D:\\\\reactproject\\\\amzone-clone\\\\functions\\\\node_modules\\\\firebase-admin\\\\lib\\\\index.js\"}"}}
[debug] [2020-11-11T14:35:37.177Z] [runtime-status] [10748] Resolved module firebase-functions {"declared":true,"installed":true,"version":"3.11.0","resolution":"D:\\reactproject\\amzone-clone\\functions\\node_modules\\firebase-functions\\lib\\index.js"} {"metadata":{"emulator":{"name":"functions"},"message":"[runtime-status] [10748] Resolved module firebase-functions {\"declared\":true,\"installed\":true,\"version\":\"3.11.0\",\"resolution\":\"D:\\\\reactproject\\\\amzone-clone\\\\functions\\\\node_modules\\\\firebase-functions\\\\lib\\\\index.js\"}"}}
[debug] [2020-11-11T14:35:37.177Z] [runtime-status] [10748] firebase-admin has been stubbed. {"adminResolution":{"declared":true,"installed":true,"version":"9.3.0","resolution":"D:\\reactproject\\amzone-clone\\functions\\node_modules\\firebase-admin\\lib\\index.js"}} {"metadata":{"emulator":{"name":"functions"},"message":"[runtime-status] [10748] firebase-admin has been stubbed. {\"adminResolution\":{\"declared\":true,\"installed\":true,\"version\":\"9.3.0\",\"resolution\":\"D:\\\\reactproject\\\\amzone-clone\\\\functions\\\\node_modules\\\\firebase-admin\\\\lib\\\\index.js\"}}"}}
[info] +  functions[api]: http function initialized (http://localhost:5001/clone-1b968/us-central1/api). {"metadata":{"emulator":{"name":"functions"},"message":"\u001b[1mhttp\u001b[22m function initialized (http://localhost:5001/clone-1b968/us-central1/api)."}}
[info] 
┌───────────────────────────────────────────────────────────────────────┐
│ ✔  All emulators ready! View status and logs at http://localhost:4000 │
└───────────────────────────────────────────────────────────────────────┘

┌───────────┬────────────────┬─────────────────────────────────┐
│ Emulator  │ Host:Port      │ View in Emulator UI             │
├───────────┼────────────────┼─────────────────────────────────┤
│ Functions │ localhost:5001 │ http://localhost:4000/functions │
└───────────┴────────────────┴─────────────────────────────────┘
  Other reserved ports: 4400, 4500

Issues? Report them at https://github.com/firebase/firebase-tools/issues and attach the *-debug.log files.
 
[debug] [2020-11-11T14:35:41.611Z] [worker-~diagnostic~-9ec32b02-883b-45e7-9440-6305f69e4422]: IDLE {"metadata":{"emulator":{"name":"functions"},"message":"[worker-~diagnostic~-9ec32b02-883b-45e7-9440-6305f69e4422]: IDLE"}}
[debug] [2020-11-11T14:36:29.843Z] [work-queue] {"queueLength":1,"workRunningCount":0}
[debug] [2020-11-11T14:36:29.843Z] [work-queue] {"queueLength":0,"workRunningCount":1}
[debug] [2020-11-11T14:36:29.843Z] Accepted request POST /clone-1b968/us-central1/api/payments/create?total=3588.0000000000005 --> api
[debug] [2020-11-11T14:36:29.848Z] [worker-pool] addWorker(api) {"metadata":{"emulator":{"name":"functions"},"message":"[worker-pool] addWorker(api)"}}
[debug] [2020-11-11T14:36:29.848Z] [worker-pool] Adding worker with key api, total=1 {"metadata":{"emulator":{"name":"functions"},"message":"[worker-pool] Adding worker with key api, total=1"}}
[debug] [2020-11-11T14:36:29.848Z] [worker-pool] submitWork(triggerId=api) {"metadata":{"emulator":{"name":"functions"},"message":"[worker-pool] submitWork(triggerId=api)"}}
[debug] [2020-11-11T14:36:29.848Z] [worker-api-7dbf23ec-e2a0-4d7f-a2a1-8b6bb0fb9f12]: Assigning socketPath: \\?\pipe\D:\reactproject\amzone-clone\functions\3148 {"metadata":{"emulator":{"name":"functions"},"message":"[worker-api-7dbf23ec-e2a0-4d7f-a2a1-8b6bb0fb9f12]: Assigning socketPath: \\\\?\\pipe\\D:\\reactproject\\amzone-clone\\functions\\3148"}}
[debug] [2020-11-11T14:36:29.849Z] [worker-api-7dbf23ec-e2a0-4d7f-a2a1-8b6bb0fb9f12]: BUSY {"metadata":{"emulator":{"name":"functions"},"message":"[worker-api-7dbf23ec-e2a0-4d7f-a2a1-8b6bb0fb9f12]: BUSY"}}
[debug] [2020-11-11T14:36:30.363Z] [runtime-status] [3148] Functions runtime initialized. {"cwd":"D:\\reactproject\\amzone-clone\\functions","node_version":"12.18.3"} {"metadata":{"emulator":{"name":"functions"},"function":{"name":"api"},"message":"[runtime-status] [3148] Functions runtime initialized. {\"cwd\":\"D:\\\\reactproject\\\\amzone-clone\\\\functions\",\"node_version\":\"12.18.3\"}"}}
[debug] [2020-11-11T14:36:30.370Z] [runtime-status] [3148] Disabled runtime features: undefined {"metadata":{"emulator":{"name":"functions"},"function":{"name":"api"},"message":"[runtime-status] [3148] Disabled runtime features: undefined"}}
[debug] [2020-11-11T14:36:30.585Z] [runtime-status] [3148] Resolved module firebase-admin {"declared":true,"installed":true,"version":"9.3.0","resolution":"D:\\reactproject\\amzone-clone\\functions\\node_modules\\firebase-admin\\lib\\index.js"} {"metadata":{"emulator":{"name":"functions"},"function":{"name":"api"},"message":"[runtime-status] [3148] Resolved module firebase-admin {\"declared\":true,\"installed\":true,\"version\":\"9.3.0\",\"resolution\":\"D:\\\\reactproject\\\\amzone-clone\\\\functions\\\\node_modules\\\\firebase-admin\\\\lib\\\\index.js\"}"}}
[debug] [2020-11-11T14:36:30.746Z] [runtime-status] [3148] Resolved module firebase-functions {"declared":true,"installed":true,"version":"3.11.0","resolution":"D:\\reactproject\\amzone-clone\\functions\\node_modules\\firebase-functions\\lib\\index.js"} {"metadata":{"emulator":{"name":"functions"},"function":{"name":"api"},"message":"[runtime-status] [3148] Resolved module firebase-functions {\"declared\":true,\"installed\":true,\"version\":\"3.11.0\",\"resolution\":\"D:\\\\reactproject\\\\amzone-clone\\\\functions\\\\node_modules\\\\firebase-functions\\\\lib\\\\index.js\"}"}}
[debug] [2020-11-11T14:36:30.789Z] [runtime-status] [3148] Resolved module firebase-functions {"declared":true,"installed":true,"version":"3.11.0","resolution":"D:\\reactproject\\amzone-clone\\functions\\node_modules\\firebase-functions\\lib\\index.js"} {"metadata":{"emulator":{"name":"functions"},"function":{"name":"api"},"message":"[runtime-status] [3148] Resolved module firebase-functions {\"declared\":true,\"installed\":true,\"version\":\"3.11.0\",\"resolution\":\"D:\\\\reactproject\\\\amzone-clone\\\\functions\\\\node_modules\\\\firebase-functions\\\\lib\\\\index.js\"}"}}
[debug] [2020-11-11T14:36:30.792Z] [runtime-status] [3148] Outgoing network have been stubbed. [{"name":"http","status":"mocked"},{"name":"http","status":"mocked"},{"name":"https","status":"mocked"},{"name":"https","status":"mocked"},{"name":"net","status":"mocked"}] {"metadata":{"emulator":{"name":"functions"},"function":{"name":"api"},"message":"[runtime-status] [3148] Outgoing network have been stubbed. [{\"name\":\"http\",\"status\":\"mocked\"},{\"name\":\"http\",\"status\":\"mocked\"},{\"name\":\"https\",\"status\":\"mocked\"},{\"name\":\"https\",\"status\":\"mocked\"},{\"name\":\"net\",\"status\":\"mocked\"}]"}}
[debug] [2020-11-11T14:36:30.809Z] [runtime-status] [3148] Resolved module firebase-functions {"declared":true,"installed":true,"version":"3.11.0","resolution":"D:\\reactproject\\amzone-clone\\functions\\node_modules\\firebase-functions\\lib\\index.js"} {"metadata":{"emulator":{"name":"functions"},"function":{"name":"api"},"message":"[runtime-status] [3148] Resolved module firebase-functions {\"declared\":true,\"installed\":true,\"version\":\"3.11.0\",\"resolution\":\"D:\\\\reactproject\\\\amzone-clone\\\\functions\\\\node_modules\\\\firebase-functions\\\\lib\\\\index.js\"}"}}
[debug] [2020-11-11T14:36:32.709Z] [runtime-status] [3148] Checked functions.config() {"config":{}} {"metadata":{"emulator":{"name":"functions"},"function":{"name":"api"},"message":"[runtime-status] [3148] Checked functions.config() {\"config\":{}}"}}
[debug] [2020-11-11T14:36:32.709Z] [runtime-status] [3148] firebase-functions has been stubbed. {"functionsResolution":{"declared":true,"installed":true,"version":"3.11.0","resolution":"D:\\reactproject\\amzone-clone\\functions\\node_modules\\firebase-functions\\lib\\index.js"}} {"metadata":{"emulator":{"name":"functions"},"function":{"name":"api"},"message":"[runtime-status] [3148] firebase-functions has been stubbed. {\"functionsResolution\":{\"declared\":true,\"installed\":true,\"version\":\"3.11.0\",\"resolution\":\"D:\\\\reactproject\\\\amzone-clone\\\\functions\\\\node_modules\\\\firebase-functions\\\\lib\\\\index.js\"}}"}}
[debug] [2020-11-11T14:36:32.724Z] [runtime-status] [3148] Resolved module firebase-functions {"declared":true,"installed":true,"version":"3.11.0","resolution":"D:\\reactproject\\amzone-clone\\functions\\node_modules\\firebase-functions\\lib\\index.js"} {"metadata":{"emulator":{"name":"functions"},"function":{"name":"api"},"message":"[runtime-status] [3148] Resolved module firebase-functions {\"declared\":true,\"installed\":true,\"version\":\"3.11.0\",\"resolution\":\"D:\\\\reactproject\\\\amzone-clone\\\\functions\\\\node_modules\\\\firebase-functions\\\\lib\\\\index.js\"}"}}
[debug] [2020-11-11T14:36:32.762Z] [runtime-status] [3148] Resolved module firebase-admin {"declared":true,"installed":true,"version":"9.3.0","resolution":"D:\\reactproject\\amzone-clone\\functions\\node_modules\\firebase-admin\\lib\\index.js"} {"metadata":{"emulator":{"name":"functions"},"function":{"name":"api"},"message":"[runtime-status] [3148] Resolved module firebase-admin {\"declared\":true,\"installed\":true,\"version\":\"9.3.0\",\"resolution\":\"D:\\\\reactproject\\\\amzone-clone\\\\functions\\\\node_modules\\\\firebase-admin\\\\lib\\\\index.js\"}"}}
[debug] [2020-11-11T14:36:32.781Z] [runtime-status] [3148] Resolved module firebase-functions {"declared":true,"installed":true,"version":"3.11.0","resolution":"D:\\reactproject\\amzone-clone\\functions\\node_modules\\firebase-functions\\lib\\index.js"} {"metadata":{"emulator":{"name":"functions"},"function":{"name":"api"},"message":"[runtime-status] [3148] Resolved module firebase-functions {\"declared\":true,\"installed\":true,\"version\":\"3.11.0\",\"resolution\":\"D:\\\\reactproject\\\\amzone-clone\\\\functions\\\\node_modules\\\\firebase-functions\\\\lib\\\\index.js\"}"}}
[debug] [2020-11-11T14:36:32.782Z] [runtime-status] [3148] firebase-admin has been stubbed. {"adminResolution":{"declared":true,"installed":true,"version":"9.3.0","resolution":"D:\\reactproject\\amzone-clone\\functions\\node_modules\\firebase-admin\\lib\\index.js"}} {"metadata":{"emulator":{"name":"functions"},"function":{"name":"api"},"message":"[runtime-status] [3148] firebase-admin has been stubbed. {\"adminResolution\":{\"declared\":true,\"installed\":true,\"version\":\"9.3.0\",\"resolution\":\"D:\\\\reactproject\\\\amzone-clone\\\\functions\\\\node_modules\\\\firebase-admin\\\\lib\\\\index.js\"}}"}}
[debug] [2020-11-11T14:36:34.217Z] [runtime-status] [3148] Trigger "api" has been found, beginning invocation! {"metadata":{"emulator":{"name":"functions"},"function":{"name":"api"},"message":"[runtime-status] [3148] Trigger \"api\" has been found, beginning invocation!"}}
[info] i  functions: Beginning execution of "api" {"metadata":{"emulator":{"name":"functions"},"function":{"name":"api"},"message":"Beginning execution of \"api\""}}
[debug] [2020-11-11T14:36:34.218Z] [runtime-status] [3148] triggerDefinition {"httpsTrigger":{},"name":"api","entryPoint":"api"} {"metadata":{"emulator":{"name":"functions"},"function":{"name":"api"},"message":"[runtime-status] [3148] triggerDefinition {\"httpsTrigger\":{},\"name\":\"api\",\"entryPoint\":\"api\"}"}}
[debug] [2020-11-11T14:36:34.219Z] [runtime-status] [3148] Running api in mode HTTPS {"metadata":{"emulator":{"name":"functions"},"function":{"name":"api"},"message":"[runtime-status] [3148] Running api in mode HTTPS"}}
[debug] [2020-11-11T14:36:34.223Z] [runtime-status] [3148] Attempting to listen to socketPath: \\?\pipe\D:\reactproject\amzone-clone\functions\3148 {"metadata":{"emulator":{"name":"functions"},"function":{"name":"api"},"message":"[runtime-status] [3148] Attempting to listen to socketPath: \\\\?\\pipe\\D:\\reactproject\\amzone-clone\\functions\\3148"}}
[debug] [2020-11-11T14:36:34.226Z] [functions] Runtime ready! Sending request! {"metadata":{"emulator":{"name":"functions"},"message":"[functions] Runtime ready! Sending request!"}}
[debug] [2020-11-11T14:36:34.235Z] [runtime-status] [3148] Ephemeral server handling POST request {"metadata":{"emulator":{"name":"functions"},"function":{"name":"api"},"message":"[runtime-status] [3148] Ephemeral server handling POST request"}}
[info] >  payment request recive boom >>>> 3588.0000000000005 {"user":"payment request recive boom >>>> 3588.0000000000005","metadata":{"emulator":{"name":"functions"},"function":{"name":"api"},"message":"\u001b[90m> \u001b[39m payment request recive boom >>>> 3588.0000000000005"}}
[debug] [2020-11-11T14:36:34.246Z] [runtime-status] [3148] Ephemeral server survived. {"metadata":{"emulator":{"name":"functions"},"function":{"name":"api"},"message":"[runtime-status] [3148] Ephemeral server survived."}}
[info] i  functions: Finished "api" in ~1s {"metadata":{"emulator":{"name":"functions"},"function":{"name":"api"},"message":"Finished \"api\" in ~1s"}}
[debug] [2020-11-11T14:36:35.413Z] [worker-api-7dbf23ec-e2a0-4d7f-a2a1-8b6bb0fb9f12]: IDLE {"metadata":{"emulator":{"name":"functions"},"message":"[worker-api-7dbf23ec-e2a0-4d7f-a2a1-8b6bb0fb9f12]: IDLE"}}
[debug] [2020-11-11T14:36:35.414Z] [work-queue] {"queueLength":0,"workRunningCount":0}
[debug] [2020-11-11T14:36:41.503Z] [work-queue] {"queueLength":1,"workRunningCount":0}
[debug] [2020-11-11T14:36:41.503Z] [work-queue] {"queueLength":0,"workRunningCount":1}
[debug] [2020-11-11T14:36:41.504Z] Accepted request POST /clone-1b968/us-central1/api/payments/create?total=0 --> api
[debug] [2020-11-11T14:36:41.504Z] [worker-pool] submitWork(triggerId=api) {"metadata":{"emulator":{"name":"functions"},"message":"[worker-pool] submitWork(triggerId=api)"}}
[debug] [2020-11-11T14:36:41.504Z] [worker-api-7dbf23ec-e2a0-4d7f-a2a1-8b6bb0fb9f12]: Assigning socketPath: \\?\pipe\D:\reactproject\amzone-clone\functions\3148 {"metadata":{"emulator":{"name":"functions"},"message":"[worker-api-7dbf23ec-e2a0-4d7f-a2a1-8b6bb0fb9f12]: Assigning socketPath: \\\\?\\pipe\\D:\\reactproject\\amzone-clone\\functions\\3148"}}
[debug] [2020-11-11T14:36:41.504Z] [worker-api-7dbf23ec-e2a0-4d7f-a2a1-8b6bb0fb9f12]: BUSY {"metadata":{"emulator":{"name":"functions"},"message":"[worker-api-7dbf23ec-e2a0-4d7f-a2a1-8b6bb0fb9f12]: BUSY"}}
[debug] [2020-11-11T14:36:41.505Z] [runtime-status] [3148] Trigger "api" has been found, beginning invocation! {"metadata":{"emulator":{"name":"functions"},"function":{"name":"api"},"message":"[runtime-status] [3148] Trigger \"api\" has been found, beginning invocation!"}}
[info] i  functions: Beginning execution of "api" {"metadata":{"emulator":{"name":"functions"},"function":{"name":"api"},"message":"Beginning execution of \"api\""}}
[debug] [2020-11-11T14:36:41.505Z] [runtime-status] [3148] triggerDefinition {"httpsTrigger":{},"name":"api","entryPoint":"api"} {"metadata":{"emulator":{"name":"functions"},"function":{"name":"api"},"message":"[runtime-status] [3148] triggerDefinition {\"httpsTrigger\":{},\"name\":\"api\",\"entryPoint\":\"api\"}"}}
[debug] [2020-11-11T14:36:41.506Z] [runtime-status] [3148] Running api in mode HTTPS {"metadata":{"emulator":{"name":"functions"},"function":{"name":"api"},"message":"[runtime-status] [3148] Running api in mode HTTPS"}}
[debug] [2020-11-11T14:36:41.506Z] [runtime-status] [3148] Attempting to listen to socketPath: \\?\pipe\D:\reactproject\amzone-clone\functions\3148 {"metadata":{"emulator":{"name":"functions"},"function":{"name":"api"},"message":"[runtime-status] [3148] Attempting to listen to socketPath: \\\\?\\pipe\\D:\\reactproject\\amzone-clone\\functions\\3148"}}
[debug] [2020-11-11T14:36:41.508Z] [functions] Runtime ready! Sending request! {"metadata":{"emulator":{"name":"functions"},"message":"[functions] Runtime ready! Sending request!"}}
[debug] [2020-11-11T14:36:41.511Z] [runtime-status] [3148] Ephemeral server handling POST request {"metadata":{"emulator":{"name":"functions"},"function":{"name":"api"},"message":"[runtime-status] [3148] Ephemeral server handling POST request"}}
[info] >  payment request recive boom >>>> 0 {"user":"payment request recive boom >>>> 0","metadata":{"emulator":{"name":"functions"},"function":{"name":"api"},"message":"\u001b[90m> \u001b[39m payment request recive boom >>>> 0"}}
[debug] [2020-11-11T14:36:41.514Z] [runtime-status] [3148] Ephemeral server survived. {"metadata":{"emulator":{"name":"functions"},"function":{"name":"api"},"message":"[runtime-status] [3148] Ephemeral server survived."}}
[info] >  (node:3148) UnhandledPromiseRejectionWarning: Error: This value must be greater than or equal to 1. {"user":"(node:3148) UnhandledPromiseRejectionWarning: Error: This value must be greater than or equal to 1.","metadata":{"emulator":{"name":"functions"},"function":{"name":"api"},"message":"\u001b[90m> \u001b[39m (node:3148) UnhandledPromiseRejectionWarning: Error: This value must be greater than or equal to 1."}}
[info] >      at Function.generate (D:\reactproject\amzone-clone\functions\node_modules\stripe\lib\Error.js:39:16) {"user":"    at Function.generate (D:\\reactproject\\amzone-clone\\functions\\node_modules\\stripe\\lib\\Error.js:39:16)","metadata":{"emulator":{"name":"functions"},"function":{"name":"api"},"message":"\u001b[90m> \u001b[39m     at Function.generate (D:\\reactproject\\amzone-clone\\functions\\node_modules\\stripe\\lib\\Error.js:39:16)"}}
[info] >      at IncomingMessage.<anonymous> (D:\reactproject\amzone-clone\functions\node_modules\stripe\lib\StripeResource.js:190:33) {"user":"    at IncomingMessage.<anonymous> (D:\\reactproject\\amzone-clone\\functions\\node_modules\\stripe\\lib\\StripeResource.js:190:33)","metadata":{"emulator":{"name":"functions"},"function":{"name":"api"},"message":"\u001b[90m> \u001b[39m     at IncomingMessage.<anonymous> (D:\\reactproject\\amzone-clone\\functions\\node_modules\\stripe\\lib\\StripeResource.js:190:33)"}}
[info] >      at Object.onceWrapper (events.js:421:28) {"user":"    at Object.onceWrapper (events.js:421:28)","metadata":{"emulator":{"name":"functions"},"function":{"name":"api"},"message":"\u001b[90m> \u001b[39m     at Object.onceWrapper (events.js:421:28)"}}
[info] >      at IncomingMessage.emit (events.js:327:22) {"user":"    at IncomingMessage.emit (events.js:327:22)","metadata":{"emulator":{"name":"functions"},"function":{"name":"api"},"message":"\u001b[90m> \u001b[39m     at IncomingMessage.emit (events.js:327:22)"}}
[info] >      at endReadableNT (_stream_readable.js:1220:12) {"user":"    at endReadableNT (_stream_readable.js:1220:12)","metadata":{"emulator":{"name":"functions"},"function":{"name":"api"},"message":"\u001b[90m> \u001b[39m     at endReadableNT (_stream_readable.js:1220:12)"}}
[info] >      at processTicksAndRejections (internal/process/task_queues.js:84:21) {"user":"    at processTicksAndRejections (internal/process/task_queues.js:84:21)","metadata":{"emulator":{"name":"functions"},"function":{"name":"api"},"message":"\u001b[90m> \u001b[39m     at processTicksAndRejections (internal/process/task_queues.js:84:21)"}}
[info] >  (node:3148) UnhandledPromiseRejectionWarning: Unhandled promise rejection. This error originated either by throwing inside of an async function without a catch block, or by rejecting a promise which was not handled with .catch(). To terminate the node process on unhandled promise rejection, use the CLI flag `--unhandled-rejections=strict` (see https://nodejs.org/api/cli.html#cli_unhandled_rejections_mode). (rejection id: 1) {"user":"(node:3148) UnhandledPromiseRejectionWarning: Unhandled promise rejection. This error originated either by throwing inside of an async function without a catch block, or by rejecting a promise which was not handled with .catch(). To terminate the node process on unhandled promise rejection, use the CLI flag `--unhandled-rejections=strict` (see https://nodejs.org/api/cli.html#cli_unhandled_rejections_mode). (rejection id: 1)","metadata":{"emulator":{"name":"functions"},"function":{"name":"api"},"message":"\u001b[90m> \u001b[39m (node:3148) UnhandledPromiseRejectionWarning: Unhandled promise rejection. This error originated either by throwing inside of an async function without a catch block, or by rejecting a promise which was not handled with .catch(). To terminate the node process on unhandled promise rejection, use the CLI flag `--unhandled-rejections=strict` (see https://nodejs.org/api/cli.html#cli_unhandled_rejections_mode). (rejection id: 1)"}}
[info] >  (node:3148) [DEP0018] DeprecationWarning: Unhandled promise rejections are deprecated. In the future, promise rejections that are not handled will terminate the Node.js process with a non-zero exit code. {"user":"(node:3148) [DEP0018] DeprecationWarning: Unhandled promise rejections are deprecated. In the future, promise rejections that are not handled will terminate the Node.js process with a non-zero exit code.","metadata":{"emulator":{"name":"functions"},"function":{"name":"api"},"message":"\u001b[90m> \u001b[39m (node:3148) [DEP0018] DeprecationWarning: Unhandled promise rejections are deprecated. In the future, promise rejections that are not handled will terminate the Node.js process with a non-zero exit code."}}
[warn] !  functions: Your function timed out after ~60s. To configure this timeout, see
      https://firebase.google.com/docs/functions/manage-functions#set_timeout_and_memory_allocation. {"metadata":{"emulator":{"name":"functions"},"function":{"name":"api"},"message":"Your function timed out after ~60s. To configure this timeout, see\n      https://firebase.google.com/docs/functions/manage-functions#set_timeout_and_memory_allocation."}}
[info] >  C:\Users\krish\AppData\Roaming\npm\node_modules\firebase-tools\lib\emulator\functionsEmulatorRuntime.js:660 {"user":"C:\\Users\\krish\\AppData\\Roaming\\npm\\node_modules\\firebase-tools\\lib\\emulator\\functionsEmulatorRuntime.js:660\r","metadata":{"emulator":{"name":"functions"},"function":{"name":"api"},"message":"\u001b[90m> \u001b[39m C:\\Users\\krish\\AppData\\Roaming\\npm\\node_modules\\firebase-tools\\lib\\emulator\\functionsEmulatorRuntime.js:660\r"}}
[info] >                  throw new Error("Function timed out."); {"user":"                throw new Error(\"Function timed out.\");\r","metadata":{"emulator":{"name":"functions"},"function":{"name":"api"},"message":"\u001b[90m> \u001b[39m                 throw new Error(\"Function timed out.\");\r"}}
[info] >                  ^ {"user":"                ^\r","metadata":{"emulator":{"name":"functions"},"function":{"name":"api"},"message":"\u001b[90m> \u001b[39m                 ^\r"}}
[info] >   {"user":"\r","metadata":{"emulator":{"name":"functions"},"function":{"name":"api"},"message":"\u001b[90m> \u001b[39m \r"}}
[info] >  Error: Function timed out. {"user":"Error: Function timed out.\r","metadata":{"emulator":{"name":"functions"},"function":{"name":"api"},"message":"\u001b[90m> \u001b[39m Error: Function timed out.\r"}}
[info] >      at Timeout._onTimeout (C:\Users\krish\AppData\Roaming\npm\node_modules\firebase-tools\lib\emulator\functionsEmulatorRuntime.js:660:23) {"user":"    at Timeout._onTimeout (C:\\Users\\krish\\AppData\\Roaming\\npm\\node_modules\\firebase-tools\\lib\\emulator\\functionsEmulatorRuntime.js:660:23)\r","metadata":{"emulator":{"name":"functions"},"function":{"name":"api"},"message":"\u001b[90m> \u001b[39m     at Timeout._onTimeout (C:\\Users\\krish\\AppData\\Roaming\\npm\\node_modules\\firebase-tools\\lib\\emulator\\functionsEmulatorRuntime.js:660:23)\r"}}
[info] >      at listOnTimeout (internal/timers.js:549:17) {"user":"    at listOnTimeout (internal/timers.js:549:17)\r","metadata":{"emulator":{"name":"functions"},"function":{"name":"api"},"message":"\u001b[90m> \u001b[39m     at listOnTimeout (internal/timers.js:549:17)\r"}}
[info] >      at processTimers (internal/timers.js:492:7) {"user":"    at processTimers (internal/timers.js:492:7)\r","metadata":{"emulator":{"name":"functions"},"function":{"name":"api"},"message":"\u001b[90m> \u001b[39m     at processTimers (internal/timers.js:492:7)\r"}}
[debug] [2020-11-11T14:37:41.522Z] [worker-api-7dbf23ec-e2a0-4d7f-a2a1-8b6bb0fb9f12]: exited {"metadata":{"emulator":{"name":"functions"},"message":"[worker-api-7dbf23ec-e2a0-4d7f-a2a1-8b6bb0fb9f12]: exited"}}
[debug] [2020-11-11T14:37:41.522Z] [worker-api-7dbf23ec-e2a0-4d7f-a2a1-8b6bb0fb9f12]: FINISHED {"metadata":{"emulator":{"name":"functions"},"message":"[worker-api-7dbf23ec-e2a0-4d7f-a2a1-8b6bb0fb9f12]: FINISHED"}}
[debug] [2020-11-11T14:37:41.522Z] [work-queue] {"queueLength":0,"workRunningCount":0}
